-- Install configuration: ""
-- Up-to-date: /home/zo/stage/simulation/ws_ros/install/urdf_tutorial_zo/share/urdf_tutorial_zo/images
-- Up-to-date: /home/zo/stage/simulation/ws_ros/install/urdf_tutorial_zo/share/urdf_tutorial_zo/images/materials.png
-- Up-to-date: /home/zo/stage/simulation/ws_ros/install/urdf_tutorial_zo/share/urdf_tutorial_zo/images/myfirst.png
-- Up-to-date: /home/zo/stage/simulation/ws_ros/install/urdf_tutorial_zo/share/urdf_tutorial_zo/images/flexible.png
-- Up-to-date: /home/zo/stage/simulation/ws_ros/install/urdf_tutorial_zo/share/urdf_tutorial_zo/images/multipleshapes.png
-- Up-to-date: /home/zo/stage/simulation/ws_ros/install/urdf_tutorial_zo/share/urdf_tutorial_zo/images/visual.png
-- Up-to-date: /home/zo/stage/simulation/ws_ros/install/urdf_tutorial_zo/share/urdf_tutorial_zo/images/origins.png
-- Up-to-date: /home/zo/stage/simulation/ws_ros/install/urdf_tutorial_zo/share/urdf_tutorial_zo/launch
-- Up-to-date: /home/zo/stage/simulation/ws_ros/install/urdf_tutorial_zo/share/urdf_tutorial_zo/launch/display.launch.py
-- Up-to-date: /home/zo/stage/simulation/ws_ros/install/urdf_tutorial_zo/share/urdf_tutorial_zo/meshes
-- Up-to-date: /home/zo/stage/simulation/ws_ros/install/urdf_tutorial_zo/share/urdf_tutorial_zo/meshes/l_finger_tip.dae
-- Up-to-date: /home/zo/stage/simulation/ws_ros/install/urdf_tutorial_zo/share/urdf_tutorial_zo/meshes/l_finger_tip_color.png
-- Up-to-date: /home/zo/stage/simulation/ws_ros/install/urdf_tutorial_zo/share/urdf_tutorial_zo/meshes/coque_solide.dae
-- Up-to-date: /home/zo/stage/simulation/ws_ros/install/urdf_tutorial_zo/share/urdf_tutorial_zo/meshes/l_finger_color.png
-- Up-to-date: /home/zo/stage/simulation/ws_ros/install/urdf_tutorial_zo/share/urdf_tutorial_zo/meshes/l_finger.dae
-- Up-to-date: /home/zo/stage/simulation/ws_ros/install/urdf_tutorial_zo/share/urdf_tutorial_zo/rviz
-- Up-to-date: /home/zo/stage/simulation/ws_ros/install/urdf_tutorial_zo/share/urdf_tutorial_zo/rviz/urdf.rviz
-- Up-to-date: /home/zo/stage/simulation/ws_ros/install/urdf_tutorial_zo/share/urdf_tutorial_zo/urdf
-- Up-to-date: /home/zo/stage/simulation/ws_ros/install/urdf_tutorial_zo/share/urdf_tutorial_zo/urdf/03-origins.urdf
-- Up-to-date: /home/zo/stage/simulation/ws_ros/install/urdf_tutorial_zo/share/urdf_tutorial_zo/urdf/project.urdf
-- Up-to-date: /home/zo/stage/simulation/ws_ros/install/urdf_tutorial_zo/share/urdf_tutorial_zo/urdf/08-macroed.urdf.xacro
-- Up-to-date: /home/zo/stage/simulation/ws_ros/install/urdf_tutorial_zo/share/urdf_tutorial_zo/urdf/01-myfirst.urdf
-- Up-to-date: /home/zo/stage/simulation/ws_ros/install/urdf_tutorial_zo/share/urdf_tutorial_zo/urdf/04-materials.urdf
-- Up-to-date: /home/zo/stage/simulation/ws_ros/install/urdf_tutorial_zo/share/urdf_tutorial_zo/urdf/02-multipleshapes.urdf
-- Up-to-date: /home/zo/stage/simulation/ws_ros/install/urdf_tutorial_zo/share/urdf_tutorial_zo/urdf/07-physics.urdf
-- Up-to-date: /home/zo/stage/simulation/ws_ros/install/urdf_tutorial_zo/share/urdf_tutorial_zo/urdf/05-visual.urdf
-- Up-to-date: /home/zo/stage/simulation/ws_ros/install/urdf_tutorial_zo/share/urdf_tutorial_zo/urdf/06-flexible.urdf
-- Up-to-date: /home/zo/stage/simulation/ws_ros/install/urdf_tutorial_zo/share/ament_index/resource_index/package_run_dependencies/urdf_tutorial_zo
-- Up-to-date: /home/zo/stage/simulation/ws_ros/install/urdf_tutorial_zo/share/ament_index/resource_index/parent_prefix_path/urdf_tutorial_zo
-- Up-to-date: /home/zo/stage/simulation/ws_ros/install/urdf_tutorial_zo/share/urdf_tutorial_zo/environment/ament_prefix_path.sh
-- Up-to-date: /home/zo/stage/simulation/ws_ros/install/urdf_tutorial_zo/share/urdf_tutorial_zo/environment/ament_prefix_path.dsv
-- Up-to-date: /home/zo/stage/simulation/ws_ros/install/urdf_tutorial_zo/share/urdf_tutorial_zo/environment/path.sh
-- Up-to-date: /home/zo/stage/simulation/ws_ros/install/urdf_tutorial_zo/share/urdf_tutorial_zo/environment/path.dsv
-- Up-to-date: /home/zo/stage/simulation/ws_ros/install/urdf_tutorial_zo/share/urdf_tutorial_zo/local_setup.bash
-- Up-to-date: /home/zo/stage/simulation/ws_ros/install/urdf_tutorial_zo/share/urdf_tutorial_zo/local_setup.sh
-- Up-to-date: /home/zo/stage/simulation/ws_ros/install/urdf_tutorial_zo/share/urdf_tutorial_zo/local_setup.zsh
-- Up-to-date: /home/zo/stage/simulation/ws_ros/install/urdf_tutorial_zo/share/urdf_tutorial_zo/local_setup.dsv
-- Installing: /home/zo/stage/simulation/ws_ros/install/urdf_tutorial_zo/share/urdf_tutorial_zo/package.dsv
-- Up-to-date: /home/zo/stage/simulation/ws_ros/install/urdf_tutorial_zo/share/ament_index/resource_index/packages/urdf_tutorial_zo
-- Up-to-date: /home/zo/stage/simulation/ws_ros/install/urdf_tutorial_zo/share/urdf_tutorial_zo/cmake/urdf_tutorial_zoConfig.cmake
-- Up-to-date: /home/zo/stage/simulation/ws_ros/install/urdf_tutorial_zo/share/urdf_tutorial_zo/cmake/urdf_tutorial_zoConfig-version.cmake
-- Up-to-date: /home/zo/stage/simulation/ws_ros/install/urdf_tutorial_zo/share/urdf_tutorial_zo/package.xml
