[0.010s] Invoking command in '/home/zo/stage/simulation/ws_ros/build/urdf_tutorial': CMAKE_PREFIX_PATH=${CMAKE_PREFIX_PATH}:/opt/ros/jazzy DEBUGINFOD_URLS=https://debuginfod.ubuntu.com /usr/bin/cmake /home/zo/stage/simulation/ws_ros/src/urdf_tutorial -DCMAKE_INSTALL_PREFIX=/home/zo/stage/simulation/ws_ros/install/urdf_tutorial
[0.049s] -- Found ament_cmake: 2.5.2 (/opt/ros/jazzy/share/ament_cmake/cmake)
[0.281s] -- Found Python3: /usr/bin/python3 (found version "3.12.3") found components: Interpreter 
[0.445s] -- Found ament_lint_auto: 0.17.1 (/opt/ros/jazzy/share/ament_lint_auto/cmake)
[0.570s] -- Configuring done (0.5s)
[0.572s] -- Generating done (0.0s)
[0.573s] -- Build files have been written to: /home/zo/stage/simulation/ws_ros/build/urdf_tutorial
[0.576s] Invoked command in '/home/zo/stage/simulation/ws_ros/build/urdf_tutorial' returned '0': CMAKE_PREFIX_PATH=${CMAKE_PREFIX_PATH}:/opt/ros/jazzy DEBUGINFOD_URLS=https://debuginfod.ubuntu.com /usr/bin/cmake /home/zo/stage/simulation/ws_ros/src/urdf_tutorial -DCMAKE_INSTALL_PREFIX=/home/zo/stage/simulation/ws_ros/install/urdf_tutorial
[0.578s] Invoking command in '/home/zo/stage/simulation/ws_ros/build/urdf_tutorial': CMAKE_PREFIX_PATH=${CMAKE_PREFIX_PATH}:/opt/ros/jazzy DEBUGINFOD_URLS=https://debuginfod.ubuntu.com /usr/bin/cmake --build /home/zo/stage/simulation/ws_ros/build/urdf_tutorial -- -j16 -l16
[0.630s] Invoked command in '/home/zo/stage/simulation/ws_ros/build/urdf_tutorial' returned '0': CMAKE_PREFIX_PATH=${CMAKE_PREFIX_PATH}:/opt/ros/jazzy DEBUGINFOD_URLS=https://debuginfod.ubuntu.com /usr/bin/cmake --build /home/zo/stage/simulation/ws_ros/build/urdf_tutorial -- -j16 -l16
[0.669s] Invoking command in '/home/zo/stage/simulation/ws_ros/build/urdf_tutorial': CMAKE_PREFIX_PATH=${CMAKE_PREFIX_PATH}:/opt/ros/jazzy DEBUGINFOD_URLS=https://debuginfod.ubuntu.com /usr/bin/cmake --install /home/zo/stage/simulation/ws_ros/build/urdf_tutorial
[0.680s] -- Install configuration: ""
[0.680s] -- Installing: /home/zo/stage/simulation/ws_ros/install/urdf_tutorial/share/urdf_tutorial/images
[0.680s] -- Installing: /home/zo/stage/simulation/ws_ros/install/urdf_tutorial/share/urdf_tutorial/images/materials.png
[0.680s] -- Installing: /home/zo/stage/simulation/ws_ros/install/urdf_tutorial/share/urdf_tutorial/images/myfirst.png
[0.680s] -- Installing: /home/zo/stage/simulation/ws_ros/install/urdf_tutorial/share/urdf_tutorial/images/flexible.png
[0.680s] -- Installing: /home/zo/stage/simulation/ws_ros/install/urdf_tutorial/share/urdf_tutorial/images/multipleshapes.png
[0.680s] -- Installing: /home/zo/stage/simulation/ws_ros/install/urdf_tutorial/share/urdf_tutorial/images/visual.png
[0.680s] -- Installing: /home/zo/stage/simulation/ws_ros/install/urdf_tutorial/share/urdf_tutorial/images/origins.png
[0.681s] -- Installing: /home/zo/stage/simulation/ws_ros/install/urdf_tutorial/share/urdf_tutorial/launch
[0.681s] -- Installing: /home/zo/stage/simulation/ws_ros/install/urdf_tutorial/share/urdf_tutorial/launch/display.launch.py
[0.681s] -- Installing: /home/zo/stage/simulation/ws_ros/install/urdf_tutorial/share/urdf_tutorial/meshes
[0.681s] -- Installing: /home/zo/stage/simulation/ws_ros/install/urdf_tutorial/share/urdf_tutorial/meshes/l_finger_tip.dae
[0.681s] -- Installing: /home/zo/stage/simulation/ws_ros/install/urdf_tutorial/share/urdf_tutorial/meshes/l_finger_tip_color.png
[0.681s] -- Installing: /home/zo/stage/simulation/ws_ros/install/urdf_tutorial/share/urdf_tutorial/meshes/l_finger_color.png
[0.681s] -- Installing: /home/zo/stage/simulation/ws_ros/install/urdf_tutorial/share/urdf_tutorial/meshes/l_finger.dae
[0.681s] -- Installing: /home/zo/stage/simulation/ws_ros/install/urdf_tutorial/share/urdf_tutorial/rviz
[0.681s] -- Installing: /home/zo/stage/simulation/ws_ros/install/urdf_tutorial/share/urdf_tutorial/rviz/urdf.rviz
[0.681s] -- Installing: /home/zo/stage/simulation/ws_ros/install/urdf_tutorial/share/urdf_tutorial/urdf
[0.682s] -- Installing: /home/zo/stage/simulation/ws_ros/install/urdf_tutorial/share/urdf_tutorial/urdf/03-origins.urdf
[0.682s] -- Installing: /home/zo/stage/simulation/ws_ros/install/urdf_tutorial/share/urdf_tutorial/urdf/08-macroed.urdf.xacro
[0.682s] -- Installing: /home/zo/stage/simulation/ws_ros/install/urdf_tutorial/share/urdf_tutorial/urdf/01-myfirst.urdf
[0.682s] -- Installing: /home/zo/stage/simulation/ws_ros/install/urdf_tutorial/share/urdf_tutorial/urdf/04-materials.urdf
[0.682s] -- Installing: /home/zo/stage/simulation/ws_ros/install/urdf_tutorial/share/urdf_tutorial/urdf/02-multipleshapes.urdf
[0.682s] -- Installing: /home/zo/stage/simulation/ws_ros/install/urdf_tutorial/share/urdf_tutorial/urdf/07-physics.urdf
[0.682s] -- Installing: /home/zo/stage/simulation/ws_ros/install/urdf_tutorial/share/urdf_tutorial/urdf/05-visual.urdf
[0.682s] -- Installing: /home/zo/stage/simulation/ws_ros/install/urdf_tutorial/share/urdf_tutorial/urdf/06-flexible.urdf
[0.682s] -- Installing: /home/zo/stage/simulation/ws_ros/install/urdf_tutorial/share/ament_index/resource_index/package_run_dependencies/urdf_tutorial
[0.682s] -- Installing: /home/zo/stage/simulation/ws_ros/install/urdf_tutorial/share/ament_index/resource_index/parent_prefix_path/urdf_tutorial
[0.682s] -- Installing: /home/zo/stage/simulation/ws_ros/install/urdf_tutorial/share/urdf_tutorial/environment/ament_prefix_path.sh
[0.683s] -- Installing: /home/zo/stage/simulation/ws_ros/install/urdf_tutorial/share/urdf_tutorial/environment/ament_prefix_path.dsv
[0.683s] -- Installing: /home/zo/stage/simulation/ws_ros/install/urdf_tutorial/share/urdf_tutorial/environment/path.sh
[0.683s] -- Installing: /home/zo/stage/simulation/ws_ros/install/urdf_tutorial/share/urdf_tutorial/environment/path.dsv
[0.683s] -- Installing: /home/zo/stage/simulation/ws_ros/install/urdf_tutorial/share/urdf_tutorial/local_setup.bash
[0.683s] -- Installing: /home/zo/stage/simulation/ws_ros/install/urdf_tutorial/share/urdf_tutorial/local_setup.sh
[0.683s] -- Installing: /home/zo/stage/simulation/ws_ros/install/urdf_tutorial/share/urdf_tutorial/local_setup.zsh
[0.683s] -- Installing: /home/zo/stage/simulation/ws_ros/install/urdf_tutorial/share/urdf_tutorial/local_setup.dsv
[0.683s] -- Installing: /home/zo/stage/simulation/ws_ros/install/urdf_tutorial/share/urdf_tutorial/package.dsv
[0.683s] -- Installing: /home/zo/stage/simulation/ws_ros/install/urdf_tutorial/share/ament_index/resource_index/packages/urdf_tutorial
[0.684s] -- Installing: /home/zo/stage/simulation/ws_ros/install/urdf_tutorial/share/urdf_tutorial/cmake/urdf_tutorialConfig.cmake
[0.684s] -- Installing: /home/zo/stage/simulation/ws_ros/install/urdf_tutorial/share/urdf_tutorial/cmake/urdf_tutorialConfig-version.cmake
[0.684s] -- Installing: /home/zo/stage/simulation/ws_ros/install/urdf_tutorial/share/urdf_tutorial/package.xml
[0.686s] Invoked command in '/home/zo/stage/simulation/ws_ros/build/urdf_tutorial' returned '0': CMAKE_PREFIX_PATH=${CMAKE_PREFIX_PATH}:/opt/ros/jazzy DEBUGINFOD_URLS=https://debuginfod.ubuntu.com /usr/bin/cmake --install /home/zo/stage/simulation/ws_ros/build/urdf_tutorial
