[0.006s] Invoking command in '/home/zo/stage/simulation/ws_ros/build/urdf_tutorial_zo': CMAKE_PREFIX_PATH=/home/zo/stage/simulation/ws_ros/install/urdf_tutorial_zo:/opt/ros/jazzy:/home/zo/stage/simulation/ws_ros/install/urdf_tutorial:/opt/ros/jazzy/opt/gz_math_vendor:/opt/ros/jazzy/opt/gz_utils_vendor:/opt/ros/jazzy/opt/gz_cmake_vendor DEBUGINFOD_URLS=https://debuginfod.ubuntu.com /usr/bin/cmake --build /home/zo/stage/simulation/ws_ros/build/urdf_tutorial_zo -- -j16 -l16
[0.032s] Invoked command in '/home/zo/stage/simulation/ws_ros/build/urdf_tutorial_zo' returned '0': CMAKE_PREFIX_PATH=/home/zo/stage/simulation/ws_ros/install/urdf_tutorial_zo:/opt/ros/jazzy:/home/zo/stage/simulation/ws_ros/install/urdf_tutorial:/opt/ros/jazzy/opt/gz_math_vendor:/opt/ros/jazzy/opt/gz_utils_vendor:/opt/ros/jazzy/opt/gz_cmake_vendor DEBUGINFOD_URLS=https://debuginfod.ubuntu.com /usr/bin/cmake --build /home/zo/stage/simulation/ws_ros/build/urdf_tutorial_zo -- -j16 -l16
[0.059s] Invoking command in '/home/zo/stage/simulation/ws_ros/build/urdf_tutorial_zo': CMAKE_PREFIX_PATH=/home/zo/stage/simulation/ws_ros/install/urdf_tutorial_zo:/opt/ros/jazzy:/home/zo/stage/simulation/ws_ros/install/urdf_tutorial:/opt/ros/jazzy/opt/gz_math_vendor:/opt/ros/jazzy/opt/gz_utils_vendor:/opt/ros/jazzy/opt/gz_cmake_vendor DEBUGINFOD_URLS=https://debuginfod.ubuntu.com /usr/bin/cmake --install /home/zo/stage/simulation/ws_ros/build/urdf_tutorial_zo
[0.067s] -- Install configuration: ""
[0.067s] -- Up-to-date: /home/zo/stage/simulation/ws_ros/install/urdf_tutorial_zo/share/urdf_tutorial_zo/images
[0.068s] -- Up-to-date: /home/zo/stage/simulation/ws_ros/install/urdf_tutorial_zo/share/urdf_tutorial_zo/images/materials.png
[0.068s] -- Up-to-date: /home/zo/stage/simulation/ws_ros/install/urdf_tutorial_zo/share/urdf_tutorial_zo/images/myfirst.png
[0.068s] -- Up-to-date: /home/zo/stage/simulation/ws_ros/install/urdf_tutorial_zo/share/urdf_tutorial_zo/images/flexible.png
[0.068s] -- Up-to-date: /home/zo/stage/simulation/ws_ros/install/urdf_tutorial_zo/share/urdf_tutorial_zo/images/multipleshapes.png
[0.068s] -- Up-to-date: /home/zo/stage/simulation/ws_ros/install/urdf_tutorial_zo/share/urdf_tutorial_zo/images/visual.png
[0.068s] -- Up-to-date: /home/zo/stage/simulation/ws_ros/install/urdf_tutorial_zo/share/urdf_tutorial_zo/images/origins.png
[0.068s] -- Up-to-date: /home/zo/stage/simulation/ws_ros/install/urdf_tutorial_zo/share/urdf_tutorial_zo/launch
[0.068s] -- Up-to-date: /home/zo/stage/simulation/ws_ros/install/urdf_tutorial_zo/share/urdf_tutorial_zo/launch/display.launch.py
[0.068s] -- Up-to-date: /home/zo/stage/simulation/ws_ros/install/urdf_tutorial_zo/share/urdf_tutorial_zo/meshes
[0.068s] -- Up-to-date: /home/zo/stage/simulation/ws_ros/install/urdf_tutorial_zo/share/urdf_tutorial_zo/meshes/l_finger_tip.dae
[0.068s] -- Up-to-date: /home/zo/stage/simulation/ws_ros/install/urdf_tutorial_zo/share/urdf_tutorial_zo/meshes/l_finger_tip_color.png
[0.068s] -- Up-to-date: /home/zo/stage/simulation/ws_ros/install/urdf_tutorial_zo/share/urdf_tutorial_zo/meshes/plane.dae
[0.068s] -- Up-to-date: /home/zo/stage/simulation/ws_ros/install/urdf_tutorial_zo/share/urdf_tutorial_zo/meshes/coque_solide.dae
[0.068s] -- Up-to-date: /home/zo/stage/simulation/ws_ros/install/urdf_tutorial_zo/share/urdf_tutorial_zo/meshes/l_finger_color.png
[0.068s] -- Up-to-date: /home/zo/stage/simulation/ws_ros/install/urdf_tutorial_zo/share/urdf_tutorial_zo/meshes/l_finger.dae
[0.069s] -- Up-to-date: /home/zo/stage/simulation/ws_ros/install/urdf_tutorial_zo/share/urdf_tutorial_zo/rviz
[0.069s] -- Up-to-date: /home/zo/stage/simulation/ws_ros/install/urdf_tutorial_zo/share/urdf_tutorial_zo/rviz/urdf.rviz
[0.069s] -- Up-to-date: /home/zo/stage/simulation/ws_ros/install/urdf_tutorial_zo/share/urdf_tutorial_zo/urdf
[0.069s] -- Up-to-date: /home/zo/stage/simulation/ws_ros/install/urdf_tutorial_zo/share/urdf_tutorial_zo/urdf/03-origins.urdf
[0.069s] -- Installing: /home/zo/stage/simulation/ws_ros/install/urdf_tutorial_zo/share/urdf_tutorial_zo/urdf/project.urdf
[0.069s] -- Up-to-date: /home/zo/stage/simulation/ws_ros/install/urdf_tutorial_zo/share/urdf_tutorial_zo/urdf/08-macroed.urdf.xacro
[0.069s] -- Up-to-date: /home/zo/stage/simulation/ws_ros/install/urdf_tutorial_zo/share/urdf_tutorial_zo/urdf/01-myfirst.urdf
[0.069s] -- Up-to-date: /home/zo/stage/simulation/ws_ros/install/urdf_tutorial_zo/share/urdf_tutorial_zo/urdf/04-materials.urdf
[0.069s] -- Up-to-date: /home/zo/stage/simulation/ws_ros/install/urdf_tutorial_zo/share/urdf_tutorial_zo/urdf/02-multipleshapes.urdf
[0.069s] -- Up-to-date: /home/zo/stage/simulation/ws_ros/install/urdf_tutorial_zo/share/urdf_tutorial_zo/urdf/07-physics.urdf
[0.069s] -- Up-to-date: /home/zo/stage/simulation/ws_ros/install/urdf_tutorial_zo/share/urdf_tutorial_zo/urdf/05-visual.urdf
[0.069s] -- Up-to-date: /home/zo/stage/simulation/ws_ros/install/urdf_tutorial_zo/share/urdf_tutorial_zo/urdf/06-flexible.urdf
[0.069s] -- Up-to-date: /home/zo/stage/simulation/ws_ros/install/urdf_tutorial_zo/share/ament_index/resource_index/package_run_dependencies/urdf_tutorial_zo
[0.069s] -- Up-to-date: /home/zo/stage/simulation/ws_ros/install/urdf_tutorial_zo/share/ament_index/resource_index/parent_prefix_path/urdf_tutorial_zo
[0.069s] -- Up-to-date: /home/zo/stage/simulation/ws_ros/install/urdf_tutorial_zo/share/urdf_tutorial_zo/environment/ament_prefix_path.sh
[0.069s] -- Up-to-date: /home/zo/stage/simulation/ws_ros/install/urdf_tutorial_zo/share/urdf_tutorial_zo/environment/ament_prefix_path.dsv
[0.069s] -- Up-to-date: /home/zo/stage/simulation/ws_ros/install/urdf_tutorial_zo/share/urdf_tutorial_zo/environment/path.sh
[0.069s] -- Up-to-date: /home/zo/stage/simulation/ws_ros/install/urdf_tutorial_zo/share/urdf_tutorial_zo/environment/path.dsv
[0.069s] -- Up-to-date: /home/zo/stage/simulation/ws_ros/install/urdf_tutorial_zo/share/urdf_tutorial_zo/local_setup.bash
[0.069s] -- Up-to-date: /home/zo/stage/simulation/ws_ros/install/urdf_tutorial_zo/share/urdf_tutorial_zo/local_setup.sh
[0.069s] -- Up-to-date: /home/zo/stage/simulation/ws_ros/install/urdf_tutorial_zo/share/urdf_tutorial_zo/local_setup.zsh
[0.069s] -- Up-to-date: /home/zo/stage/simulation/ws_ros/install/urdf_tutorial_zo/share/urdf_tutorial_zo/local_setup.dsv
[0.069s] -- Installing: /home/zo/stage/simulation/ws_ros/install/urdf_tutorial_zo/share/urdf_tutorial_zo/package.dsv
[0.069s] -- Up-to-date: /home/zo/stage/simulation/ws_ros/install/urdf_tutorial_zo/share/ament_index/resource_index/packages/urdf_tutorial_zo
[0.069s] -- Up-to-date: /home/zo/stage/simulation/ws_ros/install/urdf_tutorial_zo/share/urdf_tutorial_zo/cmake/urdf_tutorial_zoConfig.cmake
[0.069s] -- Up-to-date: /home/zo/stage/simulation/ws_ros/install/urdf_tutorial_zo/share/urdf_tutorial_zo/cmake/urdf_tutorial_zoConfig-version.cmake
[0.069s] -- Up-to-date: /home/zo/stage/simulation/ws_ros/install/urdf_tutorial_zo/share/urdf_tutorial_zo/package.xml
[0.070s] Invoked command in '/home/zo/stage/simulation/ws_ros/build/urdf_tutorial_zo' returned '0': CMAKE_PREFIX_PATH=/home/zo/stage/simulation/ws_ros/install/urdf_tutorial_zo:/opt/ros/jazzy:/home/zo/stage/simulation/ws_ros/install/urdf_tutorial:/opt/ros/jazzy/opt/gz_math_vendor:/opt/ros/jazzy/opt/gz_utils_vendor:/opt/ros/jazzy/opt/gz_cmake_vendor DEBUGINFOD_URLS=https://debuginfod.ubuntu.com /usr/bin/cmake --install /home/zo/stage/simulation/ws_ros/build/urdf_tutorial_zo
