[0.006s] Invoking command in '/home/zo/stage/simulation/ws_ros/build/urdf_tutorial': DEBUGINFOD_URLS=https://debuginfod.ubuntu.com /usr/bin/cmake /home/zo/stage/simulation/ws_ros/src/urdf_tutorial -DCATKIN_INSTALL_INTO_PREFIX_ROOT=0 -DCMAKE_INSTALL_PREFIX=/home/zo/stage/simulation/ws_ros/install/urdf_tutorial
[0.013s] [0mCMake Deprecation Warning at CMakeLists.txt:1 (cmake_minimum_required):
[0.013s]   Compatibility with CMake < 3.5 will be removed from a future version of
[0.013s]   CMake.
[0.013s] 
[0.013s]   Update the VERSION argument <min> value or use a ...<max> suffix to tell
[0.013s]   CMake that the project does not need compatibility with older versions.
[0.013s] 
[0.013s] [0m
[0.096s] -- The C compiler identification is GNU 13.2.0
[0.158s] -- The CXX compiler identification is GNU 13.2.0
[0.185s] -- Detecting C compiler ABI info
[0.290s] -- Detecting C compiler ABI info - done
[0.296s] -- Check for working C compiler: /usr/bin/cc - skipped
[0.296s] -- Detecting C compile features
[0.297s] -- Detecting C compile features - done
[0.305s] -- Detecting CXX compiler ABI info
[0.384s] -- Detecting CXX compiler ABI info - done
[0.390s] -- Check for working CXX compiler: /usr/bin/c++ - skipped
[0.390s] -- Detecting CXX compile features
[0.391s] -- Detecting CXX compile features - done
[0.398s] [31mCMake Error at CMakeLists.txt:4 (find_package):
[0.398s]   By not providing "Findcatkin.cmake" in CMAKE_MODULE_PATH this project has
[0.398s]   asked CMake to find a package configuration file provided by "catkin", but
[0.398s]   CMake did not find one.
[0.398s] 
[0.398s]   Could not find a package configuration file provided by "catkin" with any
[0.398s]   of the following names:
[0.398s] 
[0.398s]     catkinConfig.cmake
[0.398s]     catkin-config.cmake
[0.398s] 
[0.398s]   Add the installation prefix of "catkin" to CMAKE_PREFIX_PATH or set
[0.398s]   "catkin_DIR" to a directory containing one of the above files.  If "catkin"
[0.398s]   provides a separate development package or SDK, be sure it has been
[0.398s]   installed.
[0.398s] 
[0.398s] [0m
[0.398s] -- Configuring incomplete, errors occurred!
[0.400s] Invoked command in '/home/zo/stage/simulation/ws_ros/build/urdf_tutorial' returned '1': DEBUGINFOD_URLS=https://debuginfod.ubuntu.com /usr/bin/cmake /home/zo/stage/simulation/ws_ros/src/urdf_tutorial -DCATKIN_INSTALL_INTO_PREFIX_ROOT=0 -DCMAKE_INSTALL_PREFIX=/home/zo/stage/simulation/ws_ros/install/urdf_tutorial
