[0.105s] DEBUG:colcon:Command line arguments: ['/usr/bin/colcon', 'list', '-p', '--base-paths', '/home/zo/stage/simulation/ws_ros']
[0.105s] DEBUG:colcon:Parsed command line arguments: Namespace(log_base=None, log_level=None, verb_name='list', build_base='build', ignore_user_meta=False, metas=['./colcon.meta'], base_paths=['/home/zo/stage/simulation/ws_ros'], packages_ignore=None, packages_ignore_regex=None, paths=None, packages_up_to=None, packages_up_to_regex=None, packages_above=None, packages_above_and_dependencies=None, packages_above_depth=None, packages_select_by_dep=None, packages_skip_by_dep=None, packages_skip_up_to=None, packages_select_build_failed=False, packages_skip_build_finished=False, packages_select_test_failures=False, packages_skip_test_passed=False, packages_select=None, packages_skip=None, packages_select_regex=None, packages_skip_regex=None, packages_start=None, packages_end=None, allow_overriding=[], topological_order=False, names_only=False, paths_only=True, topological_graph=False, topological_graph_dot=False, topological_graph_density=False, topological_graph_legend=False, topological_graph_dot_cluster=False, topological_graph_dot_include_skipped=False, verb_parser=<colcon_defaults.argument_parser.defaults.DefaultArgumentsDecorator object at 0x7d2516581520>, verb_extension=<colcon_package_information.verb.list.ListVerb object at 0x7d25166cf1a0>, main=<bound method ListVerb.main of <colcon_package_information.verb.list.ListVerb object at 0x7d25166cf1a0>>)
[0.153s] Level 1:colcon.colcon_core.package_discovery:discover_packages(colcon_meta) check parameters
[0.154s] Level 1:colcon.colcon_core.package_discovery:discover_packages(recursive) check parameters
[0.154s] Level 1:colcon.colcon_core.package_discovery:discover_packages(ignore) check parameters
[0.154s] Level 1:colcon.colcon_core.package_discovery:discover_packages(path) check parameters
[0.154s] Level 1:colcon.colcon_core.package_discovery:discover_packages(recursive) discover
[0.154s] INFO:colcon.colcon_core.package_discovery:Crawling recursively for packages in '/home/zo/stage/simulation/ws_ros'
[0.154s] Level 1:colcon.colcon_core.package_identification:_identify(/home/zo/stage/simulation/ws_ros) by extensions ['ignore', 'ignore_ament_install']
[0.154s] Level 1:colcon.colcon_core.package_identification:_identify(/home/zo/stage/simulation/ws_ros) by extension 'ignore'
[0.154s] Level 1:colcon.colcon_core.package_identification:_identify(/home/zo/stage/simulation/ws_ros) by extension 'ignore_ament_install'
[0.154s] Level 1:colcon.colcon_core.package_identification:_identify(/home/zo/stage/simulation/ws_ros) by extensions ['colcon_pkg']
[0.154s] Level 1:colcon.colcon_core.package_identification:_identify(/home/zo/stage/simulation/ws_ros) by extension 'colcon_pkg'
[0.154s] Level 1:colcon.colcon_core.package_identification:_identify(/home/zo/stage/simulation/ws_ros) by extensions ['colcon_meta']
[0.154s] Level 1:colcon.colcon_core.package_identification:_identify(/home/zo/stage/simulation/ws_ros) by extension 'colcon_meta'
[0.155s] Level 1:colcon.colcon_core.package_identification:_identify(/home/zo/stage/simulation/ws_ros) by extensions ['ros']
[0.155s] Level 1:colcon.colcon_core.package_identification:_identify(/home/zo/stage/simulation/ws_ros) by extension 'ros'
[0.195s] Level 1:colcon.colcon_core.package_identification:_identify(/home/zo/stage/simulation/ws_ros) by extensions ['cmake', 'python']
[0.195s] Level 1:colcon.colcon_core.package_identification:_identify(/home/zo/stage/simulation/ws_ros) by extension 'cmake'
[0.195s] Level 1:colcon.colcon_core.package_identification:_identify(/home/zo/stage/simulation/ws_ros) by extension 'python'
[0.195s] Level 1:colcon.colcon_core.package_identification:_identify(/home/zo/stage/simulation/ws_ros) by extensions ['python_setup_py']
[0.195s] Level 1:colcon.colcon_core.package_identification:_identify(/home/zo/stage/simulation/ws_ros) by extension 'python_setup_py'
[0.196s] Level 1:colcon.colcon_core.package_identification:_identify(/home/zo/stage/simulation/ws_ros/build) by extensions ['ignore', 'ignore_ament_install']
[0.196s] Level 1:colcon.colcon_core.package_identification:_identify(/home/zo/stage/simulation/ws_ros/build) by extension 'ignore'
[0.196s] Level 1:colcon.colcon_core.package_identification:_identify(/home/zo/stage/simulation/ws_ros/build) ignored
[0.196s] Level 1:colcon.colcon_core.package_identification:_identify(/home/zo/stage/simulation/ws_ros/install) by extensions ['ignore', 'ignore_ament_install']
[0.196s] Level 1:colcon.colcon_core.package_identification:_identify(/home/zo/stage/simulation/ws_ros/install) by extension 'ignore'
[0.196s] Level 1:colcon.colcon_core.package_identification:_identify(/home/zo/stage/simulation/ws_ros/install) ignored
[0.196s] Level 1:colcon.colcon_core.package_identification:_identify(/home/zo/stage/simulation/ws_ros/log) by extensions ['ignore', 'ignore_ament_install']
[0.196s] Level 1:colcon.colcon_core.package_identification:_identify(/home/zo/stage/simulation/ws_ros/log) by extension 'ignore'
[0.196s] Level 1:colcon.colcon_core.package_identification:_identify(/home/zo/stage/simulation/ws_ros/log) ignored
[0.197s] Level 1:colcon.colcon_core.package_identification:_identify(/home/zo/stage/simulation/ws_ros/src) by extensions ['ignore', 'ignore_ament_install']
[0.197s] Level 1:colcon.colcon_core.package_identification:_identify(/home/zo/stage/simulation/ws_ros/src) by extension 'ignore'
[0.197s] Level 1:colcon.colcon_core.package_identification:_identify(/home/zo/stage/simulation/ws_ros/src) by extension 'ignore_ament_install'
[0.197s] Level 1:colcon.colcon_core.package_identification:_identify(/home/zo/stage/simulation/ws_ros/src) by extensions ['colcon_pkg']
[0.197s] Level 1:colcon.colcon_core.package_identification:_identify(/home/zo/stage/simulation/ws_ros/src) by extension 'colcon_pkg'
[0.197s] Level 1:colcon.colcon_core.package_identification:_identify(/home/zo/stage/simulation/ws_ros/src) by extensions ['colcon_meta']
[0.197s] Level 1:colcon.colcon_core.package_identification:_identify(/home/zo/stage/simulation/ws_ros/src) by extension 'colcon_meta'
[0.197s] Level 1:colcon.colcon_core.package_identification:_identify(/home/zo/stage/simulation/ws_ros/src) by extensions ['ros']
[0.197s] Level 1:colcon.colcon_core.package_identification:_identify(/home/zo/stage/simulation/ws_ros/src) by extension 'ros'
[0.197s] Level 1:colcon.colcon_core.package_identification:_identify(/home/zo/stage/simulation/ws_ros/src) by extensions ['cmake', 'python']
[0.197s] Level 1:colcon.colcon_core.package_identification:_identify(/home/zo/stage/simulation/ws_ros/src) by extension 'cmake'
[0.197s] Level 1:colcon.colcon_core.package_identification:_identify(/home/zo/stage/simulation/ws_ros/src) by extension 'python'
[0.197s] Level 1:colcon.colcon_core.package_identification:_identify(/home/zo/stage/simulation/ws_ros/src) by extensions ['python_setup_py']
[0.197s] Level 1:colcon.colcon_core.package_identification:_identify(/home/zo/stage/simulation/ws_ros/src) by extension 'python_setup_py'
[0.197s] Level 1:colcon.colcon_core.package_identification:_identify(/home/zo/stage/simulation/ws_ros/src/urdf_tutorial) by extensions ['ignore', 'ignore_ament_install']
[0.197s] Level 1:colcon.colcon_core.package_identification:_identify(/home/zo/stage/simulation/ws_ros/src/urdf_tutorial) by extension 'ignore'
[0.197s] Level 1:colcon.colcon_core.package_identification:_identify(/home/zo/stage/simulation/ws_ros/src/urdf_tutorial) by extension 'ignore_ament_install'
[0.197s] Level 1:colcon.colcon_core.package_identification:_identify(/home/zo/stage/simulation/ws_ros/src/urdf_tutorial) by extensions ['colcon_pkg']
[0.197s] Level 1:colcon.colcon_core.package_identification:_identify(/home/zo/stage/simulation/ws_ros/src/urdf_tutorial) by extension 'colcon_pkg'
[0.198s] Level 1:colcon.colcon_core.package_identification:_identify(/home/zo/stage/simulation/ws_ros/src/urdf_tutorial) by extensions ['colcon_meta']
[0.198s] Level 1:colcon.colcon_core.package_identification:_identify(/home/zo/stage/simulation/ws_ros/src/urdf_tutorial) by extension 'colcon_meta'
[0.198s] Level 1:colcon.colcon_core.package_identification:_identify(/home/zo/stage/simulation/ws_ros/src/urdf_tutorial) by extensions ['ros']
[0.198s] Level 1:colcon.colcon_core.package_identification:_identify(/home/zo/stage/simulation/ws_ros/src/urdf_tutorial) by extension 'ros'
[0.201s] DEBUG:colcon.colcon_core.package_identification:Package '/home/zo/stage/simulation/ws_ros/src/urdf_tutorial' with type 'ros.catkin' and name 'urdf_tutorial'
[0.201s] Level 1:colcon.colcon_core.package_discovery:discover_packages(recursive) using defaults
