[0.010s] Invoking command in '/home/zo/stage/simulation/ws_ros/build/urdf_tutorial_zo': CMAKE_PREFIX_PATH=/opt/ros/jazzy:${CMAKE_PREFIX_PATH} DEBUGINFOD_URLS=https://debuginfod.ubuntu.com /usr/bin/cmake /home/zo/stage/simulation/ws_ros/src/urdf_tutorial_zo -DCMAKE_INSTALL_PREFIX=/home/zo/stage/simulation/ws_ros/install/urdf_tutorial_zo
[0.085s] -- The C compiler identification is GNU 13.2.0
[0.169s] -- The CXX compiler identification is GNU 13.2.0
[0.190s] -- Detecting C compiler ABI info
[0.319s] -- Detecting C compiler ABI info - done
[0.336s] -- Check for working C compiler: /usr/bin/cc - skipped
[0.336s] -- Detecting C compile features
[0.337s] -- Detecting C compile features - done
[0.351s] -- Detecting CXX compiler ABI info
[0.492s] -- Detecting CXX compiler ABI info - done
[0.506s] -- Check for working CXX compiler: /usr/bin/c++ - skipped
[0.506s] -- Detecting CXX compile features
[0.507s] -- Detecting CXX compile features - done
[0.510s] -- Found ament_cmake: 2.5.2 (/opt/ros/jazzy/share/ament_cmake/cmake)
[0.711s] -- Found Python3: /usr/bin/python3 (found version "3.12.3") found components: Interpreter 
[0.831s] -- Found ament_lint_auto: 0.17.1 (/opt/ros/jazzy/share/ament_lint_auto/cmake)
[0.939s] -- Configuring done (0.9s)
[0.941s] -- Generating done (0.0s)
[0.942s] -- Build files have been written to: /home/zo/stage/simulation/ws_ros/build/urdf_tutorial_zo
[0.949s] Invoked command in '/home/zo/stage/simulation/ws_ros/build/urdf_tutorial_zo' returned '0': CMAKE_PREFIX_PATH=/opt/ros/jazzy:${CMAKE_PREFIX_PATH} DEBUGINFOD_URLS=https://debuginfod.ubuntu.com /usr/bin/cmake /home/zo/stage/simulation/ws_ros/src/urdf_tutorial_zo -DCMAKE_INSTALL_PREFIX=/home/zo/stage/simulation/ws_ros/install/urdf_tutorial_zo
[0.950s] Invoking command in '/home/zo/stage/simulation/ws_ros/build/urdf_tutorial_zo': CMAKE_PREFIX_PATH=/opt/ros/jazzy:${CMAKE_PREFIX_PATH} DEBUGINFOD_URLS=https://debuginfod.ubuntu.com /usr/bin/cmake --build /home/zo/stage/simulation/ws_ros/build/urdf_tutorial_zo -- -j16 -l16
[1.001s] Invoked command in '/home/zo/stage/simulation/ws_ros/build/urdf_tutorial_zo' returned '0': CMAKE_PREFIX_PATH=/opt/ros/jazzy:${CMAKE_PREFIX_PATH} DEBUGINFOD_URLS=https://debuginfod.ubuntu.com /usr/bin/cmake --build /home/zo/stage/simulation/ws_ros/build/urdf_tutorial_zo -- -j16 -l16
[1.043s] Invoking command in '/home/zo/stage/simulation/ws_ros/build/urdf_tutorial_zo': CMAKE_PREFIX_PATH=/opt/ros/jazzy:${CMAKE_PREFIX_PATH} DEBUGINFOD_URLS=https://debuginfod.ubuntu.com /usr/bin/cmake --install /home/zo/stage/simulation/ws_ros/build/urdf_tutorial_zo
[1.054s] -- Install configuration: ""
[1.054s] -- Installing: /home/zo/stage/simulation/ws_ros/install/urdf_tutorial_zo/share/urdf_tutorial_zo/images
[1.054s] -- Installing: /home/zo/stage/simulation/ws_ros/install/urdf_tutorial_zo/share/urdf_tutorial_zo/images/materials.png
[1.054s] -- Installing: /home/zo/stage/simulation/ws_ros/install/urdf_tutorial_zo/share/urdf_tutorial_zo/images/myfirst.png
[1.054s] -- Installing: /home/zo/stage/simulation/ws_ros/install/urdf_tutorial_zo/share/urdf_tutorial_zo/images/flexible.png
[1.055s] -- Installing: /home/zo/stage/simulation/ws_ros/install/urdf_tutorial_zo/share/urdf_tutorial_zo/images/multipleshapes.png
[1.055s] -- Installing: /home/zo/stage/simulation/ws_ros/install/urdf_tutorial_zo/share/urdf_tutorial_zo/images/visual.png
[1.055s] -- Installing: /home/zo/stage/simulation/ws_ros/install/urdf_tutorial_zo/share/urdf_tutorial_zo/images/origins.png
[1.055s] -- Installing: /home/zo/stage/simulation/ws_ros/install/urdf_tutorial_zo/share/urdf_tutorial_zo/launch
[1.055s] -- Installing: /home/zo/stage/simulation/ws_ros/install/urdf_tutorial_zo/share/urdf_tutorial_zo/launch/display.launch.py
[1.055s] -- Installing: /home/zo/stage/simulation/ws_ros/install/urdf_tutorial_zo/share/urdf_tutorial_zo/meshes
[1.055s] -- Installing: /home/zo/stage/simulation/ws_ros/install/urdf_tutorial_zo/share/urdf_tutorial_zo/meshes/l_finger_tip.dae
[1.055s] -- Installing: /home/zo/stage/simulation/ws_ros/install/urdf_tutorial_zo/share/urdf_tutorial_zo/meshes/l_finger_tip_color.png
[1.055s] -- Installing: /home/zo/stage/simulation/ws_ros/install/urdf_tutorial_zo/share/urdf_tutorial_zo/meshes/coque_solide.dae
[1.057s] -- Installing: /home/zo/stage/simulation/ws_ros/install/urdf_tutorial_zo/share/urdf_tutorial_zo/meshes/l_finger_color.png
[1.057s] -- Installing: /home/zo/stage/simulation/ws_ros/install/urdf_tutorial_zo/share/urdf_tutorial_zo/meshes/l_finger.dae
[1.058s] -- Installing: /home/zo/stage/simulation/ws_ros/install/urdf_tutorial_zo/share/urdf_tutorial_zo/rviz
[1.058s] -- Installing: /home/zo/stage/simulation/ws_ros/install/urdf_tutorial_zo/share/urdf_tutorial_zo/rviz/urdf.rviz
[1.058s] -- Installing: /home/zo/stage/simulation/ws_ros/install/urdf_tutorial_zo/share/urdf_tutorial_zo/urdf
[1.058s] -- Installing: /home/zo/stage/simulation/ws_ros/install/urdf_tutorial_zo/share/urdf_tutorial_zo/urdf/03-origins.urdf
[1.058s] -- Installing: /home/zo/stage/simulation/ws_ros/install/urdf_tutorial_zo/share/urdf_tutorial_zo/urdf/project.urdf
[1.058s] -- Installing: /home/zo/stage/simulation/ws_ros/install/urdf_tutorial_zo/share/urdf_tutorial_zo/urdf/08-macroed.urdf.xacro
[1.059s] -- Installing: /home/zo/stage/simulation/ws_ros/install/urdf_tutorial_zo/share/urdf_tutorial_zo/urdf/01-myfirst.urdf
[1.059s] -- Installing: /home/zo/stage/simulation/ws_ros/install/urdf_tutorial_zo/share/urdf_tutorial_zo/urdf/04-materials.urdf
[1.059s] -- Installing: /home/zo/stage/simulation/ws_ros/install/urdf_tutorial_zo/share/urdf_tutorial_zo/urdf/02-multipleshapes.urdf
[1.059s] -- Installing: /home/zo/stage/simulation/ws_ros/install/urdf_tutorial_zo/share/urdf_tutorial_zo/urdf/07-physics.urdf
[1.059s] -- Installing: /home/zo/stage/simulation/ws_ros/install/urdf_tutorial_zo/share/urdf_tutorial_zo/urdf/05-visual.urdf
[1.059s] -- Installing: /home/zo/stage/simulation/ws_ros/install/urdf_tutorial_zo/share/urdf_tutorial_zo/urdf/06-flexible.urdf
[1.059s] -- Installing: /home/zo/stage/simulation/ws_ros/install/urdf_tutorial_zo/share/ament_index/resource_index/package_run_dependencies/urdf_tutorial_zo
[1.059s] -- Installing: /home/zo/stage/simulation/ws_ros/install/urdf_tutorial_zo/share/ament_index/resource_index/parent_prefix_path/urdf_tutorial_zo
[1.059s] -- Installing: /home/zo/stage/simulation/ws_ros/install/urdf_tutorial_zo/share/urdf_tutorial_zo/environment/ament_prefix_path.sh
[1.059s] -- Installing: /home/zo/stage/simulation/ws_ros/install/urdf_tutorial_zo/share/urdf_tutorial_zo/environment/ament_prefix_path.dsv
[1.059s] -- Installing: /home/zo/stage/simulation/ws_ros/install/urdf_tutorial_zo/share/urdf_tutorial_zo/environment/path.sh
[1.060s] -- Installing: /home/zo/stage/simulation/ws_ros/install/urdf_tutorial_zo/share/urdf_tutorial_zo/environment/path.dsv
[1.060s] -- Installing: /home/zo/stage/simulation/ws_ros/install/urdf_tutorial_zo/share/urdf_tutorial_zo/local_setup.bash
[1.060s] -- Installing: /home/zo/stage/simulation/ws_ros/install/urdf_tutorial_zo/share/urdf_tutorial_zo/local_setup.sh
[1.060s] -- Installing: /home/zo/stage/simulation/ws_ros/install/urdf_tutorial_zo/share/urdf_tutorial_zo/local_setup.zsh
[1.060s] -- Installing: /home/zo/stage/simulation/ws_ros/install/urdf_tutorial_zo/share/urdf_tutorial_zo/local_setup.dsv
[1.060s] -- Installing: /home/zo/stage/simulation/ws_ros/install/urdf_tutorial_zo/share/urdf_tutorial_zo/package.dsv
[1.060s] -- Installing: /home/zo/stage/simulation/ws_ros/install/urdf_tutorial_zo/share/ament_index/resource_index/packages/urdf_tutorial_zo
[1.060s] -- Installing: /home/zo/stage/simulation/ws_ros/install/urdf_tutorial_zo/share/urdf_tutorial_zo/cmake/urdf_tutorial_zoConfig.cmake
[1.060s] -- Installing: /home/zo/stage/simulation/ws_ros/install/urdf_tutorial_zo/share/urdf_tutorial_zo/cmake/urdf_tutorial_zoConfig-version.cmake
[1.060s] -- Installing: /home/zo/stage/simulation/ws_ros/install/urdf_tutorial_zo/share/urdf_tutorial_zo/package.xml
[1.062s] Invoked command in '/home/zo/stage/simulation/ws_ros/build/urdf_tutorial_zo' returned '0': CMAKE_PREFIX_PATH=/opt/ros/jazzy:${CMAKE_PREFIX_PATH} DEBUGINFOD_URLS=https://debuginfod.ubuntu.com /usr/bin/cmake --install /home/zo/stage/simulation/ws_ros/build/urdf_tutorial_zo
