[0.012s] Invoking command in '/home/zo/stage/simulation/ws_ros/build/urdf_tutorial': DEBUGINFOD_URLS=https://debuginfod.ubuntu.com /usr/bin/cmake /home/zo/stage/simulation/ws_ros/src/urdf_tutorial -DCATKIN_INSTALL_INTO_PREFIX_ROOT=0 -DCMAKE_INSTALL_PREFIX=/home/zo/stage/simulation/ws_ros/install/urdf_tutorial
[0.019s] [0mCMake Deprecation Warning at CMakeLists.txt:1 (cmake_minimum_required):
[0.019s]   Compatibility with CMake < 3.5 will be removed from a future version of
[0.019s]   CMake.
[0.019s] 
[0.019s]   Update the VERSION argument <min> value or use a ...<max> suffix to tell
[0.019s]   CMake that the project does not need compatibility with older versions.
[0.019s] 
[0.019s] [0m
[0.037s] [31mCMake Error at CMakeLists.txt:4 (find_package):
[0.037s]   By not providing "Findcatkin.cmake" in CMAKE_MODULE_PATH this project has
[0.037s]   asked CMake to find a package configuration file provided by "catkin", but
[0.037s]   CMake did not find one.
[0.037s] 
[0.037s]   Could not find a package configuration file provided by "catkin" with any
[0.037s]   of the following names:
[0.037s] 
[0.038s]     catkinConfig.cmake
[0.038s]     catkin-config.cmake
[0.038s] 
[0.038s]   Add the installation prefix of "catkin" to CMAKE_PREFIX_PATH or set
[0.038s]   "catkin_DIR" to a directory containing one of the above files.  If "catkin"
[0.038s]   provides a separate development package or SDK, be sure it has been
[0.038s]   installed.
[0.038s] 
[0.038s] [0m
[0.038s] -- Configuring incomplete, errors occurred!
[0.040s] Invoked command in '/home/zo/stage/simulation/ws_ros/build/urdf_tutorial' returned '1': DEBUGINFOD_URLS=https://debuginfod.ubuntu.com /usr/bin/cmake /home/zo/stage/simulation/ws_ros/src/urdf_tutorial -DCATKIN_INSTALL_INTO_PREFIX_ROOT=0 -DCMAKE_INSTALL_PREFIX=/home/zo/stage/simulation/ws_ros/install/urdf_tutorial
